<?xml version="1.0" encoding="UTF-8"?>
<testng-results skipped="0" failed="1" ignored="0" total="17" passed="16">
  <reporter-output>
  </reporter-output>
  <suite name="nopCommerce Regression Test Suite" duration-ms="100896" started-at="2021-01-17T16:44:11Z" finished-at="2021-01-17T16:45:52Z">
    <groups>
    </groups>
    <test name="HomePage Test" duration-ms="40152" started-at="2021-01-17T16:44:11Z" finished-at="2021-01-17T16:44:51Z">
      <class name="com.nopcommerce.tests.HomePageTest">
        <test-method status="PASS" signature="setup(java.lang.String)[pri:0, instance:com.nopcommerce.tests.HomePageTest@29c5ee1d]" name="setup" is-config="true" duration-ms="18516" started-at="2021-01-17T16:44:11Z" finished-at="2021-01-17T16:44:29Z">
          <params>
            <param index="0">
              <value>
                <![CDATA[chrome]]>
              </value>
            </param>
          </params>
          <reporter-output>
          </reporter-output>
        </test-method> <!-- setup -->
        <test-method status="PASS" signature="validatePageTitleTest()[pri:1, instance:com.nopcommerce.tests.HomePageTest@29c5ee1d]" name="validatePageTitleTest" duration-ms="410" started-at="2021-01-17T16:44:29Z" finished-at="2021-01-17T16:44:30Z">
          <reporter-output>
          </reporter-output>
        </test-method> <!-- validatePageTitleTest -->
        <test-method status="PASS" signature="verifyLogoTest()[pri:2, instance:com.nopcommerce.tests.HomePageTest@29c5ee1d]" name="verifyLogoTest" duration-ms="992" started-at="2021-01-17T16:44:31Z" finished-at="2021-01-17T16:44:32Z">
          <reporter-output>
          </reporter-output>
        </test-method> <!-- verifyLogoTest -->
        <test-method status="PASS" signature="verifyRegisterLinkTest()[pri:3, instance:com.nopcommerce.tests.HomePageTest@29c5ee1d]" name="verifyRegisterLinkTest" duration-ms="2156" started-at="2021-01-17T16:44:32Z" finished-at="2021-01-17T16:44:34Z">
          <reporter-output>
          </reporter-output>
        </test-method> <!-- verifyRegisterLinkTest -->
        <test-method status="PASS" signature="verifyLoginLinkTest()[pri:4, instance:com.nopcommerce.tests.HomePageTest@29c5ee1d]" name="verifyLoginLinkTest" duration-ms="504" started-at="2021-01-17T16:44:34Z" finished-at="2021-01-17T16:44:34Z">
          <reporter-output>
          </reporter-output>
        </test-method> <!-- verifyLoginLinkTest -->
        <test-method status="PASS" signature="verifyWishlistLinkTest()[pri:5, instance:com.nopcommerce.tests.HomePageTest@29c5ee1d]" name="verifyWishlistLinkTest" duration-ms="568" started-at="2021-01-17T16:44:34Z" finished-at="2021-01-17T16:44:35Z">
          <reporter-output>
          </reporter-output>
        </test-method> <!-- verifyWishlistLinkTest -->
        <test-method status="PASS" signature="tearDown()[pri:0, instance:com.nopcommerce.tests.HomePageTest@29c5ee1d]" name="tearDown" is-config="true" duration-ms="15985" started-at="2021-01-17T16:44:35Z" finished-at="2021-01-17T16:44:51Z">
          <reporter-output>
          </reporter-output>
        </test-method> <!-- tearDown -->
      </class> <!-- com.nopcommerce.tests.HomePageTest -->
    </test> <!-- HomePage Test -->
    <test name="SearchPage Test" duration-ms="40686" started-at="2021-01-17T16:44:11Z" finished-at="2021-01-17T16:44:51Z">
      <class name="com.nopcommerce.tests.SearchPageTest">
        <test-method status="PASS" signature="setup(java.lang.String)[pri:0, instance:com.nopcommerce.tests.SearchPageTest@2532b351]" name="setup" is-config="true" duration-ms="33314" started-at="2021-01-17T16:44:11Z" finished-at="2021-01-17T16:44:44Z">
          <params>
            <param index="0">
              <value>
                <![CDATA[firefox]]>
              </value>
            </param>
          </params>
          <reporter-output>
          </reporter-output>
        </test-method> <!-- setup -->
        <test-method status="PASS" signature="searchPageSetup()[pri:0, instance:com.nopcommerce.tests.SearchPageTest@2532b351]" name="searchPageSetup" is-config="true" duration-ms="2419" started-at="2021-01-17T16:44:44Z" finished-at="2021-01-17T16:44:46Z">
          <reporter-output>
          </reporter-output>
        </test-method> <!-- searchPageSetup -->
        <test-method status="PASS" signature="verifySearchPageNameTest()[pri:1, instance:com.nopcommerce.tests.SearchPageTest@2532b351]" name="verifySearchPageNameTest" duration-ms="398" started-at="2021-01-17T16:44:46Z" finished-at="2021-01-17T16:44:47Z">
          <reporter-output>
          </reporter-output>
        </test-method> <!-- verifySearchPageNameTest -->
        <test-method status="PASS" signature="verifyManufacturerDropDownListTest()[pri:2, instance:com.nopcommerce.tests.SearchPageTest@2532b351]" name="verifyManufacturerDropDownListTest" duration-ms="1131" started-at="2021-01-17T16:44:47Z" finished-at="2021-01-17T16:44:48Z">
          <reporter-output>
          </reporter-output>
        </test-method> <!-- verifyManufacturerDropDownListTest -->
        <test-method status="PASS" signature="verifyManufacturersListTest()[pri:3, instance:com.nopcommerce.tests.SearchPageTest@2532b351]" name="verifyManufacturersListTest" duration-ms="77" started-at="2021-01-17T16:44:48Z" finished-at="2021-01-17T16:44:48Z">
          <reporter-output>
          </reporter-output>
        </test-method> <!-- verifyManufacturersListTest -->
        <test-method status="PASS" signature="tearDown()[pri:0, instance:com.nopcommerce.tests.SearchPageTest@2532b351]" name="tearDown" is-config="true" duration-ms="3294" started-at="2021-01-17T16:44:48Z" finished-at="2021-01-17T16:44:51Z">
          <reporter-output>
          </reporter-output>
        </test-method> <!-- tearDown -->
      </class> <!-- com.nopcommerce.tests.SearchPageTest -->
    </test> <!-- SearchPage Test -->
    <test name="LoginPage Test" duration-ms="44396" started-at="2021-01-17T16:44:11Z" finished-at="2021-01-17T16:44:55Z">
      <class name="com.nopcommerce.tests.LoginPageTest">
        <test-method status="PASS" signature="setup(java.lang.String)[pri:0, instance:com.nopcommerce.tests.LoginPageTest@ae372b9]" name="setup" is-config="true" duration-ms="32484" started-at="2021-01-17T16:44:11Z" finished-at="2021-01-17T16:44:43Z">
          <params>
            <param index="0">
              <value>
                <![CDATA[firefox]]>
              </value>
            </param>
          </params>
          <reporter-output>
          </reporter-output>
        </test-method> <!-- setup -->
        <test-method status="PASS" signature="loginPageSetup()[pri:0, instance:com.nopcommerce.tests.LoginPageTest@ae372b9]" name="loginPageSetup" is-config="true" duration-ms="2730" started-at="2021-01-17T16:44:43Z" finished-at="2021-01-17T16:44:46Z">
          <reporter-output>
          </reporter-output>
        </test-method> <!-- loginPageSetup -->
        <test-method status="PASS" signature="verifyLoginPageNameTest()[pri:1, instance:com.nopcommerce.tests.LoginPageTest@ae372b9]" name="verifyLoginPageNameTest" duration-ms="3575" started-at="2021-01-17T16:44:46Z" finished-at="2021-01-17T16:44:50Z">
          <reporter-output>
          </reporter-output>
        </test-method> <!-- verifyLoginPageNameTest -->
        <test-method status="PASS" signature="verifyLoginBtnStatusTest()[pri:2, instance:com.nopcommerce.tests.LoginPageTest@ae372b9]" name="verifyLoginBtnStatusTest" duration-ms="255" started-at="2021-01-17T16:44:50Z" finished-at="2021-01-17T16:44:50Z">
          <reporter-output>
          </reporter-output>
        </test-method> <!-- verifyLoginBtnStatusTest -->
        <test-method status="PASS" signature="verifyRegisterBtnStatusTest()[pri:3, instance:com.nopcommerce.tests.LoginPageTest@ae372b9]" name="verifyRegisterBtnStatusTest" duration-ms="98" started-at="2021-01-17T16:44:50Z" finished-at="2021-01-17T16:44:50Z">
          <reporter-output>
          </reporter-output>
        </test-method> <!-- verifyRegisterBtnStatusTest -->
        <test-method status="PASS" signature="validateUserLoginTest()[pri:4, instance:com.nopcommerce.tests.LoginPageTest@ae372b9]" name="validateUserLoginTest" duration-ms="1473" started-at="2021-01-17T16:44:50Z" finished-at="2021-01-17T16:44:51Z">
          <reporter-output>
          </reporter-output>
        </test-method> <!-- validateUserLoginTest -->
        <test-method status="FAIL" signature="logoutTest()[pri:5, instance:com.nopcommerce.tests.LoginPageTest@ae372b9]" name="logoutTest" duration-ms="26" started-at="2021-01-17T16:44:52Z" finished-at="2021-01-17T16:44:52Z">
          <exception class="org.openqa.selenium.NoSuchElementException">
            <message>
              <![CDATA[Unable to locate element: //div[@class='header-links']/ul/li/a[text()='Log out']
For documentation on this error, please visit: https://www.seleniumhq.org/exceptions/no_such_element.html
Build info: version: '3.141.59', revision: 'e82be7d358', time: '2018-11-14T08:17:03'
System info: host: 'DESKTOP-RC24DNL', ip: '192.168.253.1', os.name: 'Windows 10', os.arch: 'amd64', os.version: '10.0', java.version: '1.8.0_261'
Driver info: org.openqa.selenium.firefox.FirefoxDriver
Capabilities {acceptInsecureCerts: true, browserName: firefox, browserVersion: 84.0.2, javascriptEnabled: true, moz:accessibilityChecks: false, moz:buildID: 20210105180113, moz:geckodriverVersion: 0.29.0, moz:headless: false, moz:processID: 13280, moz:profile: C:\Users\PIQAT\AppData\Loca..., moz:shutdownTimeout: 60000, moz:useNonSpecCompliantPointerOrigin: false, moz:webdriverClick: true, pageLoadStrategy: normal, platform: WINDOWS, platformName: WINDOWS, platformVersion: 10.0, rotatable: false, setWindowRect: true, strictFileInteractability: false, timeouts: {implicit: 0, pageLoad: 300000, script: 30000}, unhandledPromptBehavior: dismiss and notify}
Session ID: 036ed751-bf3d-4df0-a09e-9db3951dfd87
*** Element info: {Using=xpath, value=//div[@class='header-links']/ul/li/a[text()='Log out']}]]>
            </message>
            <full-stacktrace>
              <![CDATA[org.openqa.selenium.NoSuchElementException: Unable to locate element: //div[@class='header-links']/ul/li/a[text()='Log out']
For documentation on this error, please visit: https://www.seleniumhq.org/exceptions/no_such_element.html
Build info: version: '3.141.59', revision: 'e82be7d358', time: '2018-11-14T08:17:03'
System info: host: 'DESKTOP-RC24DNL', ip: '192.168.253.1', os.name: 'Windows 10', os.arch: 'amd64', os.version: '10.0', java.version: '1.8.0_261'
Driver info: org.openqa.selenium.firefox.FirefoxDriver
Capabilities {acceptInsecureCerts: true, browserName: firefox, browserVersion: 84.0.2, javascriptEnabled: true, moz:accessibilityChecks: false, moz:buildID: 20210105180113, moz:geckodriverVersion: 0.29.0, moz:headless: false, moz:processID: 13280, moz:profile: C:\Users\PIQAT\AppData\Loca..., moz:shutdownTimeout: 60000, moz:useNonSpecCompliantPointerOrigin: false, moz:webdriverClick: true, pageLoadStrategy: normal, platform: WINDOWS, platformName: WINDOWS, platformVersion: 10.0, rotatable: false, setWindowRect: true, strictFileInteractability: false, timeouts: {implicit: 0, pageLoad: 300000, script: 30000}, unhandledPromptBehavior: dismiss and notify}
Session ID: 036ed751-bf3d-4df0-a09e-9db3951dfd87
*** Element info: {Using=xpath, value=//div[@class='header-links']/ul/li/a[text()='Log out']}
at sun.reflect.NativeConstructorAccessorImpl.newInstance0(Native Method)
at sun.reflect.NativeConstructorAccessorImpl.newInstance(NativeConstructorAccessorImpl.java:62)
at sun.reflect.DelegatingConstructorAccessorImpl.newInstance(DelegatingConstructorAccessorImpl.java:45)
at java.lang.reflect.Constructor.newInstance(Constructor.java:423)
at org.openqa.selenium.remote.http.W3CHttpResponseCodec.createException(W3CHttpResponseCodec.java:187)
at org.openqa.selenium.remote.http.W3CHttpResponseCodec.decode(W3CHttpResponseCodec.java:122)
at org.openqa.selenium.remote.http.W3CHttpResponseCodec.decode(W3CHttpResponseCodec.java:49)
at org.openqa.selenium.remote.HttpCommandExecutor.execute(HttpCommandExecutor.java:158)
at org.openqa.selenium.remote.service.DriverCommandExecutor.execute(DriverCommandExecutor.java:83)
at org.openqa.selenium.remote.RemoteWebDriver.execute(RemoteWebDriver.java:552)
at org.openqa.selenium.remote.RemoteWebDriver.findElement(RemoteWebDriver.java:323)
at org.openqa.selenium.remote.RemoteWebDriver.findElementByXPath(RemoteWebDriver.java:428)
at org.openqa.selenium.By$ByXPath.findElement(By.java:353)
at org.openqa.selenium.remote.RemoteWebDriver.findElement(RemoteWebDriver.java:315)
at com.nopcommerce.utils.ElementUtil.getElement(ElementUtil.java:26)
at com.nopcommerce.utils.ElementUtil.doClick(ElementUtil.java:42)
at com.nopcommerce.pages.HomePage.doLogout(HomePage.java:60)
at com.nopcommerce.tests.LoginPageTest.logoutTest(LoginPageTest.java:36)
at sun.reflect.NativeMethodAccessorImpl.invoke0(Native Method)
at sun.reflect.NativeMethodAccessorImpl.invoke(NativeMethodAccessorImpl.java:62)
at sun.reflect.DelegatingMethodAccessorImpl.invoke(DelegatingMethodAccessorImpl.java:43)
at java.lang.reflect.Method.invoke(Method.java:498)
at org.testng.internal.MethodInvocationHelper.invokeMethod(MethodInvocationHelper.java:124)
at org.testng.internal.Invoker.invokeMethod(Invoker.java:583)
at org.testng.internal.Invoker.invokeTestMethod(Invoker.java:719)
at org.testng.internal.Invoker.invokeTestMethods(Invoker.java:989)
at org.testng.internal.TestMethodWorker.invokeTestMethods(TestMethodWorker.java:125)
at org.testng.internal.TestMethodWorker.run(TestMethodWorker.java:109)
at org.testng.TestRunner.privateRun(TestRunner.java:648)
at org.testng.TestRunner.run(TestRunner.java:505)
at org.testng.SuiteRunner.runTest(SuiteRunner.java:455)
at org.testng.SuiteRunner.access$000(SuiteRunner.java:40)
at org.testng.SuiteRunner$SuiteWorker.run(SuiteRunner.java:489)
at org.testng.internal.thread.ThreadUtil$1.call(ThreadUtil.java:52)
at java.util.concurrent.FutureTask.run(FutureTask.java:266)
at java.util.concurrent.ThreadPoolExecutor.runWorker(ThreadPoolExecutor.java:1149)
at java.util.concurrent.ThreadPoolExecutor$Worker.run(ThreadPoolExecutor.java:624)
at java.lang.Thread.run(Thread.java:748)
]]>
            </full-stacktrace>
          </exception> <!-- org.openqa.selenium.NoSuchElementException -->
          <reporter-output>
          </reporter-output>
        </test-method> <!-- logoutTest -->
        <test-method status="PASS" signature="tearDown()[pri:0, instance:com.nopcommerce.tests.LoginPageTest@ae372b9]" name="tearDown" is-config="true" duration-ms="2193" started-at="2021-01-17T16:44:53Z" finished-at="2021-01-17T16:44:55Z">
          <reporter-output>
          </reporter-output>
        </test-method> <!-- tearDown -->
      </class> <!-- com.nopcommerce.tests.LoginPageTest -->
    </test> <!-- LoginPage Test -->
    <test name="RegisterPage Test" duration-ms="100896" started-at="2021-01-17T16:44:11Z" finished-at="2021-01-17T16:45:52Z">
      <class name="com.nopcommerce.tests.RegisterPageTest">
        <test-method status="PASS" signature="setup(java.lang.String)[pri:0, instance:com.nopcommerce.tests.RegisterPageTest@39109136]" name="setup" is-config="true" duration-ms="18068" started-at="2021-01-17T16:44:11Z" finished-at="2021-01-17T16:44:29Z">
          <params>
            <param index="0">
              <value>
                <![CDATA[chrome]]>
              </value>
            </param>
          </params>
          <reporter-output>
          </reporter-output>
        </test-method> <!-- setup -->
        <test-method status="PASS" signature="registerPageSetup()[pri:0, instance:com.nopcommerce.tests.RegisterPageTest@39109136]" name="registerPageSetup" is-config="true" duration-ms="5122" started-at="2021-01-17T16:44:29Z" finished-at="2021-01-17T16:44:34Z">
          <reporter-output>
          </reporter-output>
        </test-method> <!-- registerPageSetup -->
        <test-method status="PASS" signature="verifyRegisterPageNameTest()[pri:1, instance:com.nopcommerce.tests.RegisterPageTest@39109136]" name="verifyRegisterPageNameTest" duration-ms="3654" started-at="2021-01-17T16:44:34Z" finished-at="2021-01-17T16:44:38Z">
          <reporter-output>
          </reporter-output>
        </test-method> <!-- verifyRegisterPageNameTest -->
        <test-method status="PASS" signature="registerNewUserTest(java.lang.String, java.lang.String, java.lang.String, java.lang.String, java.lang.String, java.lang.String, java.lang.String, java.lang.String, java.lang.String)[pri:2, instance:com.nopcommerce.tests.RegisterPageTest@39109136]" name="registerNewUserTest" duration-ms="23819" started-at="2021-01-17T16:44:48Z" data-provider="getUserData" finished-at="2021-01-17T16:45:12Z">
          <params>
            <param index="0">
              <value>
                <![CDATA[Male]]>
              </value>
            </param>
            <param index="1">
              <value>
                <![CDATA[John]]>
              </value>
            </param>
            <param index="2">
              <value>
                <![CDATA[Snow]]>
              </value>
            </param>
            <param index="3">
              <value>
                <![CDATA[12.0]]>
              </value>
            </param>
            <param index="4">
              <value>
                <![CDATA[December]]>
              </value>
            </param>
            <param index="5">
              <value>
                <![CDATA[1985.0]]>
              </value>
            </param>
            <param index="6">
              <value>
                <![CDATA[j@gmail.com]]>
              </value>
            </param>
            <param index="7">
              <value>
                <![CDATA[Google]]>
              </value>
            </param>
            <param index="8">
              <value>
                <![CDATA[Snow1234]]>
              </value>
            </param>
          </params>
          <reporter-output>
          </reporter-output>
        </test-method> <!-- registerNewUserTest -->
        <test-method status="PASS" signature="registerNewUserTest(java.lang.String, java.lang.String, java.lang.String, java.lang.String, java.lang.String, java.lang.String, java.lang.String, java.lang.String, java.lang.String)[pri:2, instance:com.nopcommerce.tests.RegisterPageTest@39109136]" name="registerNewUserTest" duration-ms="19758" started-at="2021-01-17T16:45:12Z" data-provider="getUserData" finished-at="2021-01-17T16:45:31Z">
          <params>
            <param index="0">
              <value>
                <![CDATA[Female]]>
              </value>
            </param>
            <param index="1">
              <value>
                <![CDATA[Kelly]]>
              </value>
            </param>
            <param index="2">
              <value>
                <![CDATA[Jackson]]>
              </value>
            </param>
            <param index="3">
              <value>
                <![CDATA[12.0]]>
              </value>
            </param>
            <param index="4">
              <value>
                <![CDATA[March]]>
              </value>
            </param>
            <param index="5">
              <value>
                <![CDATA[1985.0]]>
              </value>
            </param>
            <param index="6">
              <value>
                <![CDATA[k@hotmail.com]]>
              </value>
            </param>
            <param index="7">
              <value>
                <![CDATA[Apple]]>
              </value>
            </param>
            <param index="8">
              <value>
                <![CDATA[Kelly9999]]>
              </value>
            </param>
          </params>
          <reporter-output>
          </reporter-output>
        </test-method> <!-- registerNewUserTest -->
        <test-method status="PASS" signature="registerNewUserTest(java.lang.String, java.lang.String, java.lang.String, java.lang.String, java.lang.String, java.lang.String, java.lang.String, java.lang.String, java.lang.String)[pri:2, instance:com.nopcommerce.tests.RegisterPageTest@39109136]" name="registerNewUserTest" duration-ms="19426" started-at="2021-01-17T16:45:31Z" data-provider="getUserData" finished-at="2021-01-17T16:45:51Z">
          <params>
            <param index="0">
              <value>
                <![CDATA[Female]]>
              </value>
            </param>
            <param index="1">
              <value>
                <![CDATA[Sawyer]]>
              </value>
            </param>
            <param index="2">
              <value>
                <![CDATA[Lee]]>
              </value>
            </param>
            <param index="3">
              <value>
                <![CDATA[12.0]]>
              </value>
            </param>
            <param index="4">
              <value>
                <![CDATA[June]]>
              </value>
            </param>
            <param index="5">
              <value>
                <![CDATA[1985.0]]>
              </value>
            </param>
            <param index="6">
              <value>
                <![CDATA[L@yahoo.com]]>
              </value>
            </param>
            <param index="7">
              <value>
                <![CDATA[Tesla]]>
              </value>
            </param>
            <param index="8">
              <value>
                <![CDATA[Lee0615]]>
              </value>
            </param>
          </params>
          <reporter-output>
          </reporter-output>
        </test-method> <!-- registerNewUserTest -->
        <test-method status="PASS" signature="tearDown()[pri:0, instance:com.nopcommerce.tests.RegisterPageTest@39109136]" name="tearDown" is-config="true" duration-ms="882" started-at="2021-01-17T16:45:51Z" finished-at="2021-01-17T16:45:52Z">
          <reporter-output>
          </reporter-output>
        </test-method> <!-- tearDown -->
      </class> <!-- com.nopcommerce.tests.RegisterPageTest -->
    </test> <!-- RegisterPage Test -->
  </suite> <!-- nopCommerce Regression Test Suite -->
</testng-results>
