<?xml version="1.0" encoding="UTF-8"?>
<testsuite xmlns:xsi="http://www.w3.org/2001/XMLSchema-instance" xsi:noNamespaceSchemaLocation="https://maven.apache.org/surefire/maven-surefire-plugin/xsd/surefire-test-report.xsd" name="TestSuite" time="108.431" tests="17" errors="0" skipped="0" failures="0">
  <properties>
[...]
</properties>
  <testcase name="validatePageTitleTest" classname="com.nopcommerce.tests.HomePageTest" time="0.451"/>
  <testcase name="verifyLogoTest" classname="com.nopcommerce.tests.HomePageTest" time="0.558"/>
  <testcase name="verifyRegisterLinkTest" classname="com.nopcommerce.tests.HomePageTest" time="2.701"/>
  <testcase name="verifyRegisterPageNameTest" classname="com.nopcommerce.tests.RegisterPageTest" time="1.238"/>
  <testcase name="verifyLoginLinkTest" classname="com.nopcommerce.tests.HomePageTest" time="2.534"/>
  <testcase name="verifyWishlistLinkTest" classname="com.nopcommerce.tests.HomePageTest" time="4.362"/>
  <testcase name="verifySearchPageNameTest" classname="com.nopcommerce.tests.SearchPageTest" time="0.36"/>
  <testcase name="verifyManufacturerDropDownListTest" classname="com.nopcommerce.tests.SearchPageTest" time="0.479"/>
  <testcase name="verifyManufacturersListTest" classname="com.nopcommerce.tests.SearchPageTest" time="0.061"/>
  <testcase name="verifyLoginPageNameTest" classname="com.nopcommerce.tests.LoginPageTest" time="1.61"/>
  <testcase name="verifyLoginBtnStatusTest" classname="com.nopcommerce.tests.LoginPageTest" time="0.065"/>
  <testcase name="verifyRegisterBtnStatusTest" classname="com.nopcommerce.tests.LoginPageTest" time="0.115"/>
  <testcase name="validateUserLoginTest" classname="com.nopcommerce.tests.LoginPageTest" time="0.67"/>
  <testcase name="logoutTest" classname="com.nopcommerce.tests.LoginPageTest" time="2.866"/>
  <testcase name="registerNewUserTest" classname="com.nopcommerce.tests.RegisterPageTest" time="21.126"/>
  <testcase name="registerNewUserTest" classname="com.nopcommerce.tests.RegisterPageTest" time="20.291"/>
  <testcase name="registerNewUserTest" classname="com.nopcommerce.tests.RegisterPageTest" time="20.125"/>
</testsuite>