<?xml version="1.0" encoding="UTF-8"?>
<!-- Generated by org.testng.reporters.JUnitXMLReporter -->
<testsuite hostname="DESKTOP-RC24DNL" ignored="0" name="HomePage Test" tests="5" failures="0" timestamp="15 Jan 2021 01:52:16 GMT" time="42.408" errors="0">
  <testcase name="validatePageTitleTest" time="0.961" classname="com.nopcommerce.tests.HomePageTest"/>
  <testcase name="verifyLogoTest" time="0.562" classname="com.nopcommerce.tests.HomePageTest"/>
  <testcase name="verifyRegisterLinkTest" time="2.704" classname="com.nopcommerce.tests.HomePageTest"/>
  <testcase name="verifyLoginLinkTest" time="2.527" classname="com.nopcommerce.tests.HomePageTest"/>
  <testcase name="verifyWishlistLinkTest" time="4.354" classname="com.nopcommerce.tests.HomePageTest"/>
</testsuite> <!-- HomePage Test -->
