<?xml version="1.0" encoding="UTF-8"?>
<!-- Generated by org.testng.reporters.JUnitXMLReporter -->
<testsuite hostname="DESKTOP-RC24DNL" ignored="0" name="HomePage Test" tests="5" failures="0" timestamp="17 Jan 2021 16:44:51 GMT" time="40.152" errors="0">
  <testcase name="validatePageTitleTest" time="0.41" classname="com.nopcommerce.tests.HomePageTest"/>
  <testcase name="verifyLogoTest" time="0.992" classname="com.nopcommerce.tests.HomePageTest"/>
  <testcase name="verifyRegisterLinkTest" time="2.156" classname="com.nopcommerce.tests.HomePageTest"/>
  <testcase name="verifyLoginLinkTest" time="0.504" classname="com.nopcommerce.tests.HomePageTest"/>
  <testcase name="verifyWishlistLinkTest" time="0.568" classname="com.nopcommerce.tests.HomePageTest"/>
</testsuite> <!-- HomePage Test -->
