<?xml version="1.0" encoding="UTF-8"?>
<!-- Generated by org.testng.reporters.JUnitXMLReporter -->
<testsuite hostname="DESKTOP-RC24DNL" ignored="0" name="LoginPage Test" tests="5" failures="0" timestamp="15 Jan 2021 01:52:20 GMT" time="46.629" errors="0">
  <testcase name="verifyLoginPageNameTest" time="2.086" classname="com.nopcommerce.tests.LoginPageTest"/>
  <testcase name="verifyLoginBtnStatusTest" time="0.067" classname="com.nopcommerce.tests.LoginPageTest"/>
  <testcase name="verifyRegisterBtnStatusTest" time="0.118" classname="com.nopcommerce.tests.LoginPageTest"/>
  <testcase name="validateUserLoginTest" time="1.947" classname="com.nopcommerce.tests.LoginPageTest"/>
  <testcase name="logoutTest" time="1.492" classname="com.nopcommerce.tests.LoginPageTest"/>
</testsuite> <!-- LoginPage Test -->
