<?xml version="1.0" encoding="UTF-8"?>
<!-- Generated by org.testng.reporters.JUnitXMLReporter -->
<testsuite hostname="DESKTOP-RC24DNL" ignored="0" name="RegisterPage Test" tests="4" failures="0" timestamp="17 Jan 2021 16:45:52 GMT" time="100.896" errors="0">
  <testcase name="verifyRegisterPageNameTest" time="3.654" classname="com.nopcommerce.tests.RegisterPageTest"/>
  <testcase name="registerNewUserTest" time="23.819" classname="com.nopcommerce.tests.RegisterPageTest"/>
  <testcase name="registerNewUserTest" time="19.758" classname="com.nopcommerce.tests.RegisterPageTest"/>
  <testcase name="registerNewUserTest" time="19.426" classname="com.nopcommerce.tests.RegisterPageTest"/>
</testsuite> <!-- RegisterPage Test -->
