<?xml version="1.0" encoding="UTF-8"?>
<!-- Generated by org.testng.reporters.JUnitXMLReporter -->
<testsuite hostname="DESKTOP-RC24DNL" ignored="0" name="RegisterPage Test" tests="4" failures="0" timestamp="15 Jan 2021 01:53:18 GMT" time="103.88" errors="0">
  <testcase name="verifyRegisterPageNameTest" time="4.976" classname="com.nopcommerce.tests.RegisterPageTest"/>
  <testcase name="registerNewUserTest" time="21.814" classname="com.nopcommerce.tests.RegisterPageTest"/>
  <testcase name="registerNewUserTest" time="20.283" classname="com.nopcommerce.tests.RegisterPageTest"/>
  <testcase name="registerNewUserTest" time="20.129" classname="com.nopcommerce.tests.RegisterPageTest"/>
</testsuite> <!-- RegisterPage Test -->
