<?xml version="1.0" encoding="UTF-8"?>
<!-- Generated by org.testng.reporters.JUnitXMLReporter -->
<testsuite hostname="DESKTOP-RC24DNL" ignored="0" name="SearchPage Test" tests="3" failures="0" timestamp="15 Jan 2021 01:52:17 GMT" time="43.506" errors="0">
  <testcase name="verifySearchPageNameTest" time="0.355" classname="com.nopcommerce.tests.SearchPageTest"/>
  <testcase name="verifyManufacturerDropDownListTest" time="1.537" classname="com.nopcommerce.tests.SearchPageTest"/>
  <testcase name="verifyManufacturersListTest" time="0.065" classname="com.nopcommerce.tests.SearchPageTest"/>
</testsuite> <!-- SearchPage Test -->
