<?xml version="1.0" encoding="UTF-8"?>
<!-- Generated by org.testng.reporters.JUnitXMLReporter -->
<testsuite hostname="DESKTOP-RC24DNL" ignored="0" name="SearchPage Test" tests="3" failures="0" timestamp="17 Jan 2021 16:44:51 GMT" time="40.686" errors="0">
  <testcase name="verifySearchPageNameTest" time="0.398" classname="com.nopcommerce.tests.SearchPageTest"/>
  <testcase name="verifyManufacturerDropDownListTest" time="1.131" classname="com.nopcommerce.tests.SearchPageTest"/>
  <testcase name="verifyManufacturersListTest" time="0.077" classname="com.nopcommerce.tests.SearchPageTest"/>
</testsuite> <!-- SearchPage Test -->
